<?xml version="1.0" encoding="UTF-8" ?>
<testsuite tests="26" failures="0" name="Test.Login.RunnerTest" time="0.002" errors="0" skipped="0">
  <properties>
[...]
</properties>
  <testcase classname="Scenario: Successful login" name="Given user open a web page" time="0.002"/>
  <testcase classname="Scenario: Successful login" name="Given user enters the UserName as &quot;admin&quot;" time="0"/>
  <testcase classname="Scenario: Successful login" name="And enters the password &quot;12345&quot;" time="0"/>
  <testcase classname="Scenario: Successful login" name="When user login" time="0"/>
  <testcase classname="Scenario: Successful login" name="Then user sees the message &quot;WELCOME :)&quot;" time="0"/>
  <testcase classname="Scenario: Successful login" name="And user goes back to home page" time="0"/>
  <testcase classname="Scenario: Successful login" name="And closes the browser" time="0"/>
  <testcase classname="Scenario: Successful login" name="Scenario: Successful login" time="0"/>
  <testcase classname="Scenario: Unsuccessful login due to wrong credential" name="Given user open a web page" time="0"/>
  <testcase classname="Scenario: Unsuccessful login due to wrong credential" name="Given user enters the UserName as &quot;admin&quot;" time="0"/>
  <testcase classname="Scenario: Unsuccessful login due to wrong credential" name="And enters the password &quot;123&quot;" time="0"/>
  <testcase classname="Scenario: Unsuccessful login due to wrong credential" name="When user login" time="0"/>
  <testcase classname="Scenario: Unsuccessful login due to wrong credential" name="Then user sees the message &quot;ACCESS DENIED!&quot;" time="0"/>
  <testcase classname="Scenario: Unsuccessful login due to wrong credential" name="And user goes back to home page" time="0"/>
  <testcase classname="Scenario: Unsuccessful login due to wrong credential" name="And closes the browser" time="0"/>
  <testcase classname="Scenario: Unsuccessful login due to wrong credential" name="Scenario: Unsuccessful login due to wrong credential" time="0"/>
  <testcase classname="Scenario: Unsuccessful login due to wrong session cookie" name="Given user open a web page and deletes the session cookie" time="0"/>
  <testcase classname="Scenario: Unsuccessful login due to wrong session cookie" name="Then user enters the UserName as &quot;admin&quot;" time="0"/>
  <testcase classname="Scenario: Unsuccessful login due to wrong session cookie" name="And enters the password &quot;12345&quot;" time="0"/>
  <testcase classname="Scenario: Unsuccessful login due to wrong session cookie" name="When user login" time="0"/>
  <testcase classname="Scenario: Unsuccessful login due to wrong session cookie" name="Then user sees the message &quot;THE SESSION COOKIE IS MISSING OR HAS A WRONG VALUE!&quot;" time="0"/>
  <testcase classname="Scenario: Unsuccessful login due to wrong session cookie" name="And user goes back to home page" time="0"/>
  <testcase classname="Scenario: Unsuccessful login due to wrong session cookie" name="And closes the browser" time="0"/>
  <testcase classname="Scenario: Unsuccessful login due to wrong session cookie" name="Scenario: Unsuccessful login due to wrong session cookie" time="0"/>
  <testcase classname="Scenario: Unsuccessful login due to http redirection not be processed" name="Given user login with username and passowrd and due to server issue http redirection was not processed" time="0"/>
  <testcase classname="Scenario: Unsuccessful login due to http redirection not be processed" name="Scenario: Unsuccessful login due to http redirection not be processed" time="0"/>
</testsuite>